# JRE version: OpenJDK Runtime Environment Temurin-21.0.8+9 (21.0.8+9) (build 21.0.8+9-LTS)
# Java VM: OpenJDK 64-Bit Server VM Temurin-21.0.8+9 (21.0.8+9-LTS, mixed mode, sharing, tiered, compressed oops, compressed class ptrs, parallel gc, windows-amd64)
GC Precious Log:
 CardTable entry size: 512
 CPUs: 12 total, 12 available
 Memory: 14181M
 Large Page Support: Disabled
 NUMA Support: Disabled
 Compressed Oops: Enabled (32-bit)
 Alignments: Space 512K, Generation 512K, Heap 2M
 Heap Min Capacity: 100M
 Heap Initial Capacity: 100M
 Heap Max Capacity: 2G
 Pre-touch: Disabled
 Parallel Workers: 10
Heap:
 PSYoungGen      total 12288K, used 11872K [0x00000000d5580000, 0x00000000d6200000, 0x0000000100000000)
  eden space 11776K, 99% used [0x00000000d5580000,0x00000000d60e8258,0x00000000d6100000)
  from space 512K, 37% used [0x00000000d6100000,0x00000000d6130000,0x00000000d6180000)
  to   space 512K, 0% used [0x00000000d6180000,0x00000000d6180000,0x00000000d6200000)
 ParOldGen       total 731136K, used 731107K [0x0000000080000000, 0x00000000aca00000, 0x00000000d5580000)
  object space 731136K, 99% used [0x0000000080000000,0x00000000ac9f8cc0,0x00000000aca00000)
 Metaspace       used 114959K, committed 117056K, reserved 1179648K
  class space    used 11154K, committed 12224K, reserved 1048576K
GC Heap History (20 events):
Event: 1558337.258 GC heap after
{Heap after GC invocations=66221 (full 55):
 PSYoungGen      total 10240K, used 320K [0x00000000d5580000, 0x00000000d6200000, 0x0000000100000000)
  eden space 9728K, 0% used [0x00000000d5580000,0x00000000d5580000,0x00000000d5f00000)
  from space 512K, 62% used [0x00000000d5f00000,0x00000000d5f50000,0x00000000d5f80000)
  to   space 512K, 0% used [0x00000000d6180000,0x00000000d6180000,0x00000000d6200000)
 ParOldGen       total 731136K, used 730883K [0x0000000080000000, 0x00000000aca00000, 0x00000000d5580000)
  object space 731136K, 99% used [0x0000000080000000,0x00000000ac9c0cc0,0x00000000aca00000)
 Metaspace       used 114941K, committed 117056K, reserved 1179648K
  class space    used 11149K, committed 12224K, reserved 1048576K
}
Event: 1558337.970 GC heap before
{Heap before GC invocations=66222 (full 55):
 PSYoungGen      total 10240K, used 10048K [0x00000000d5580000, 0x00000000d6200000, 0x0000000100000000)
  eden space 9728K, 100% used [0x00000000d5580000,0x00000000d5f00000,0x00000000d5f00000)
  from space 512K, 62% used [0x00000000d5f00000,0x00000000d5f50000,0x00000000d5f80000)
  to   space 512K, 0% used [0x00000000d6180000,0x00000000d6180000,0x00000000d6200000)
 ParOldGen       total 731136K, used 730883K [0x0000000080000000, 0x00000000aca00000, 0x00000000d5580000)
  object space 731136K, 99% used [0x0000000080000000,0x00000000ac9c0cc0,0x00000000aca00000)
 Metaspace       used 114941K, committed 117056K, reserved 1179648K
  class space    used 11149K, committed 12224K, reserved 1048576K
}
Event: 1558338.047 GC heap after
{Heap after GC invocations=66222 (full 55):
 PSYoungGen      total 10240K, used 64K [0x00000000d5580000, 0x00000000d6200000, 0x0000000100000000)
  eden space 9728K, 0% used [0x00000000d5580000,0x00000000d5580000,0x00000000d5f00000)
  from space 512K, 12% used [0x00000000d6180000,0x00000000d6190000,0x00000000d6200000)
  to   space 512K, 0% used [0x00000000d5f00000,0x00000000d5f00000,0x00000000d5f80000)
 ParOldGen       total 731136K, used 730899K [0x0000000080000000, 0x00000000aca00000, 0x00000000d5580000)
  object space 731136K, 99% used [0x0000000080000000,0x00000000ac9c4cc0,0x00000000aca00000)
 Metaspace       used 114941K, committed 117056K, reserved 1179648K
  class space    used 11149K, committed 12224K, reserved 1048576K
}
Event: 1558338.113 GC heap before
{Heap before GC invocations=66223 (full 55):
 PSYoungGen      total 10240K, used 9792K [0x00000000d5580000, 0x00000000d6200000, 0x0000000100000000)
  eden space 9728K, 100% used [0x00000000d5580000,0x00000000d5f00000,0x00000000d5f00000)
  from space 512K, 12% used [0x00000000d6180000,0x00000000d6190000,0x00000000d6200000)
  to   space 512K, 0% used [0x00000000d5f00000,0x00000000d5f00000,0x00000000d5f80000)
 ParOldGen       total 731136K, used 730899K [0x0000000080000000, 0x00000000aca00000, 0x00000000d5580000)
  object space 731136K, 99% used [0x0000000080000000,0x00000000ac9c4cc0,0x00000000aca00000)
 Metaspace       used 114941K, committed 117056K, reserved 1179648K
  class space    used 11149K, committed 12224K, reserved 1048576K
}
Event: 1558338.175 GC heap after
{Heap after GC invocations=66223 (full 55):
 PSYoungGen      total 10240K, used 128K [0x00000000d5580000, 0x00000000d6200000, 0x0000000100000000)
  eden space 9728K, 0% used [0x00000000d5580000,0x00000000d5580000,0x00000000d5f00000)
  from space 512K, 25% used [0x00000000d5f00000,0x00000000d5f20000,0x00000000d5f80000)
  to   space 512K, 0% used [0x00000000d6180000,0x00000000d6180000,0x00000000d6200000)
 ParOldGen       total 731136K, used 730907K [0x0000000080000000, 0x00000000aca00000, 0x00000000d5580000)
  object space 731136K, 99% used [0x0000000080000000,0x00000000ac9c6cc0,0x00000000aca00000)
 Metaspace       used 114941K, committed 117056K, reserved 1179648K
  class space    used 11149K, committed 12224K, reserved 1048576K
}
Event: 1558338.351 GC heap before
{Heap before GC invocations=66224 (full 55):
 PSYoungGen      total 10240K, used 9856K [0x00000000d5580000, 0x00000000d6200000, 0x0000000100000000)
  eden space 9728K, 100% used [0x00000000d5580000,0x00000000d5f00000,0x00000000d5f00000)
  from space 512K, 25% used [0x00000000d5f00000,0x00000000d5f20000,0x00000000d5f80000)
  to   space 512K, 0% used [0x00000000d6180000,0x00000000d6180000,0x00000000d6200000)
 ParOldGen       total 731136K, used 730907K [0x0000000080000000, 0x00000000aca00000, 0x00000000d5580000)
  object space 731136K, 99% used [0x0000000080000000,0x00000000ac9c6cc0,0x00000000aca00000)
 Metaspace       used 114941K, committed 117056K, reserved 1179648K
  class space    used 11149K, committed 12224K, reserved 1048576K
}
Event: 1558338.384 GC heap after
{Heap after GC invocations=66224 (full 55):
 PSYoungGen      total 12288K, used 160K [0x00000000d5580000, 0x00000000d6200000, 0x0000000100000000)
  eden space 11776K, 0% used [0x00000000d5580000,0x00000000d5580000,0x00000000d6100000)
  from space 512K, 31% used [0x00000000d6180000,0x00000000d61a8000,0x00000000d6200000)
  to   space 512K, 0% used [0x00000000d6100000,0x00000000d6100000,0x00000000d6180000)
 ParOldGen       total 731136K, used 730915K [0x0000000080000000, 0x00000000aca00000, 0x00000000d5580000)
  object space 731136K, 99% used [0x0000000080000000,0x00000000ac9c8cc0,0x00000000aca00000)
 Metaspace       used 114941K, committed 117056K, reserved 1179648K
  class space    used 11149K, committed 12224K, reserved 1048576K
}
Event: 1558339.943 GC heap before
{Heap before GC invocations=66225 (full 55):
 PSYoungGen      total 12288K, used 11930K [0x00000000d5580000, 0x00000000d6200000, 0x0000000100000000)
  eden space 11776K, 99% used [0x00000000d5580000,0x00000000d60fe9b0,0x00000000d6100000)
  from space 512K, 31% used [0x00000000d6180000,0x00000000d61a8000,0x00000000d6200000)
  to   space 512K, 0% used [0x00000000d6100000,0x00000000d6100000,0x00000000d6180000)
 ParOldGen       total 731136K, used 730915K [0x0000000080000000, 0x00000000aca00000, 0x00000000d5580000)
  object space 731136K, 99% used [0x0000000080000000,0x00000000ac9c8cc0,0x00000000aca00000)
 Metaspace       used 114942K, committed 117056K, reserved 1179648K
  class space    used 11149K, committed 12224K, reserved 1048576K
}
Event: 1558339.952 GC heap after
{Heap after GC invocations=66225 (full 55):
 PSYoungGen      total 12288K, used 288K [0x00000000d5580000, 0x00000000d6200000, 0x0000000100000000)
  eden space 11776K, 0% used [0x00000000d5580000,0x00000000d5580000,0x00000000d6100000)
  from space 512K, 56% used [0x00000000d6100000,0x00000000d6148000,0x00000000d6180000)
  to   space 512K, 0% used [0x00000000d6180000,0x00000000d6180000,0x00000000d6200000)
 ParOldGen       total 731136K, used 730915K [0x0000000080000000, 0x00000000aca00000, 0x00000000d5580000)
  object space 731136K, 99% used [0x0000000080000000,0x00000000ac9c8cc0,0x00000000aca00000)
 Metaspace       used 114942K, committed 117056K, reserved 1179648K
  class space    used 11149K, committed 12224K, reserved 1048576K
}
Event: 1558340.216 GC heap before
{Heap before GC invocations=66226 (full 55):
 PSYoungGen      total 12288K, used 12064K [0x00000000d5580000, 0x00000000d6200000, 0x0000000100000000)
  eden space 11776K, 100% used [0x00000000d5580000,0x00000000d6100000,0x00000000d6100000)
  from space 512K, 56% used [0x00000000d6100000,0x00000000d6148000,0x00000000d6180000)
  to   space 512K, 0% used [0x00000000d6180000,0x00000000d6180000,0x00000000d6200000)
 ParOldGen       total 731136K, used 730915K [0x0000000080000000, 0x00000000aca00000, 0x00000000d5580000)
  object space 731136K, 99% used [0x0000000080000000,0x00000000ac9c8cc0,0x00000000aca00000)
 Metaspace       used 114942K, committed 117056K, reserved 1179648K
  class space    used 11149K, committed 12224K, reserved 1048576K
}
Event: 1558340.226 GC heap after
{Heap after GC invocations=66226 (full 55):
 PSYoungGen      total 12288K, used 64K [0x00000000d5580000, 0x00000000d6200000, 0x0000000100000000)
  eden space 11776K, 0% used [0x00000000d5580000,0x00000000d5580000,0x00000000d6100000)
  from space 512K, 12% used [0x00000000d6180000,0x00000000d6190000,0x00000000d6200000)
  to   space 512K, 0% used [0x00000000d6100000,0x00000000d6100000,0x00000000d6180000)
 ParOldGen       total 731136K, used 730947K [0x0000000080000000, 0x00000000aca00000, 0x00000000d5580000)
  object space 731136K, 99% used [0x0000000080000000,0x00000000ac9d0cc0,0x00000000aca00000)
 Metaspace       used 114942K, committed 117056K, reserved 1179648K
  class space    used 11149K, committed 12224K, reserved 1048576K
}
Event: 1558340.310 GC heap before
{Heap before GC invocations=66227 (full 55):
 PSYoungGen      total 12288K, used 11840K [0x00000000d5580000, 0x00000000d6200000, 0x0000000100000000)
  eden space 11776K, 100% used [0x00000000d5580000,0x00000000d6100000,0x00000000d6100000)
  from space 512K, 12% used [0x00000000d6180000,0x00000000d6190000,0x00000000d6200000)
  to   space 512K, 0% used [0x00000000d6100000,0x00000000d6100000,0x00000000d6180000)
 ParOldGen       total 731136K, used 730947K [0x0000000080000000, 0x00000000aca00000, 0x00000000d5580000)
  object space 731136K, 99% used [0x0000000080000000,0x00000000ac9d0cc0,0x00000000aca00000)
 Metaspace       used 114942K, committed 117056K, reserved 1179648K
  class space    used 11149K, committed 12224K, reserved 1048576K
}
Event: 1558340.328 GC heap after
{Heap after GC invocations=66227 (full 55):
 PSYoungGen      total 12288K, used 64K [0x00000000d5580000, 0x00000000d6200000, 0x0000000100000000)
  eden space 11776K, 0% used [0x00000000d5580000,0x00000000d5580000,0x00000000d6100000)
  from space 512K, 12% used [0x00000000d6100000,0x00000000d6110000,0x00000000d6180000)
  to   space 512K, 0% used [0x00000000d6180000,0x00000000d6180000,0x00000000d6200000)
 ParOldGen       total 731136K, used 730963K [0x0000000080000000, 0x00000000aca00000, 0x00000000d5580000)
  object space 731136K, 99% used [0x0000000080000000,0x00000000ac9d4cc0,0x00000000aca00000)
 Metaspace       used 114942K, committed 117056K, reserved 1179648K
  class space    used 11149K, committed 12224K, reserved 1048576K
}
Event: 1558340.516 GC heap before
{Heap before GC invocations=66228 (full 55):
 PSYoungGen      total 12288K, used 11840K [0x00000000d5580000, 0x00000000d6200000, 0x0000000100000000)
  eden space 11776K, 100% used [0x00000000d5580000,0x00000000d6100000,0x00000000d6100000)
  from space 512K, 12% used [0x00000000d6100000,0x00000000d6110000,0x00000000d6180000)
  to   space 512K, 0% used [0x00000000d6180000,0x00000000d6180000,0x00000000d6200000)
 ParOldGen       total 731136K, used 730963K [0x0000000080000000, 0x00000000aca00000, 0x00000000d5580000)
  object space 731136K, 99% used [0x0000000080000000,0x00000000ac9d4cc0,0x00000000aca00000)
 Metaspace       used 114943K, committed 117056K, reserved 1179648K
  class space    used 11149K, committed 12224K, reserved 1048576K
}
Event: 1558340.533 GC heap after
{Heap after GC invocations=66228 (full 55):
 PSYoungGen      total 12288K, used 256K [0x00000000d5580000, 0x00000000d6200000, 0x0000000100000000)
  eden space 11776K, 0% used [0x00000000d5580000,0x00000000d5580000,0x00000000d6100000)
  from space 512K, 50% used [0x00000000d6180000,0x00000000d61c0000,0x00000000d6200000)
  to   space 512K, 0% used [0x00000000d6100000,0x00000000d6100000,0x00000000d6180000)
 ParOldGen       total 731136K, used 730979K [0x0000000080000000, 0x00000000aca00000, 0x00000000d5580000)
  object space 731136K, 99% used [0x0000000080000000,0x00000000ac9d8cc0,0x00000000aca00000)
 Metaspace       used 114943K, committed 117056K, reserved 1179648K
  class space    used 11149K, committed 12224K, reserved 1048576K
}
Event: 1558340.602 GC heap before
{Heap before GC invocations=66229 (full 55):
 PSYoungGen      total 12288K, used 12032K [0x00000000d5580000, 0x00000000d6200000, 0x0000000100000000)
  eden space 11776K, 100% used [0x00000000d5580000,0x00000000d6100000,0x00000000d6100000)
  from space 512K, 50% used [0x00000000d6180000,0x00000000d61c0000,0x00000000d6200000)
  to   space 512K, 0% used [0x00000000d6100000,0x00000000d6100000,0x00000000d6180000)
 ParOldGen       total 731136K, used 730979K [0x0000000080000000, 0x00000000aca00000, 0x00000000d5580000)
  object space 731136K, 99% used [0x0000000080000000,0x00000000ac9d8cc0,0x00000000aca00000)
 Metaspace       used 114945K, committed 117056K, reserved 1179648K
  class space    used 11150K, committed 12224K, reserved 1048576K
}
Event: 1558340.612 GC heap after
{Heap after GC invocations=66229 (full 55):
 PSYoungGen      total 12288K, used 224K [0x00000000d5580000, 0x00000000d6200000, 0x0000000100000000)
  eden space 11776K, 0% used [0x00000000d5580000,0x00000000d5580000,0x00000000d6100000)
  from space 512K, 43% used [0x00000000d6100000,0x00000000d6138000,0x00000000d6180000)
  to   space 512K, 0% used [0x00000000d6180000,0x00000000d6180000,0x00000000d6200000)
 ParOldGen       total 731136K, used 731027K [0x0000000080000000, 0x00000000aca00000, 0x00000000d5580000)
  object space 731136K, 99% used [0x0000000080000000,0x00000000ac9e4cc0,0x00000000aca00000)
 Metaspace       used 114945K, committed 117056K, reserved 1179648K
  class space    used 11150K, committed 12224K, reserved 1048576K
}
Event: 1558340.961 GC heap before
{Heap before GC invocations=66230 (full 55):
 PSYoungGen      total 12288K, used 12000K [0x00000000d5580000, 0x00000000d6200000, 0x0000000100000000)
  eden space 11776K, 100% used [0x00000000d5580000,0x00000000d6100000,0x00000000d6100000)
  from space 512K, 43% used [0x00000000d6100000,0x00000000d6138000,0x00000000d6180000)
  to   space 512K, 0% used [0x00000000d6180000,0x00000000d6180000,0x00000000d6200000)
 ParOldGen       total 731136K, used 731027K [0x0000000080000000, 0x00000000aca00000, 0x00000000d5580000)
  object space 731136K, 99% used [0x0000000080000000,0x00000000ac9e4cc0,0x00000000aca00000)
 Metaspace       used 114949K, committed 117056K, reserved 1179648K
  class space    used 11151K, committed 12224K, reserved 1048576K
}
Event: 1558340.964 GC heap after
{Heap after GC invocations=66230 (full 55):
 PSYoungGen      total 12288K, used 288K [0x00000000d5580000, 0x00000000d6200000, 0x0000000100000000)
  eden space 11776K, 0% used [0x00000000d5580000,0x00000000d5580000,0x00000000d6100000)
  from space 512K, 56% used [0x00000000d6180000,0x00000000d61c8000,0x00000000d6200000)
  to   space 512K, 0% used [0x00000000d6100000,0x00000000d6100000,0x00000000d6180000)
 ParOldGen       total 731136K, used 731043K [0x0000000080000000, 0x00000000aca00000, 0x00000000d5580000)
  object space 731136K, 99% used [0x0000000080000000,0x00000000ac9e8cc0,0x00000000aca00000)
 Metaspace       used 114949K, committed 117056K, reserved 1179648K
  class space    used 11151K, committed 12224K, reserved 1048576K
}
Event: 1558341.948 GC heap before
{Heap before GC invocations=66231 (full 55):
 PSYoungGen      total 12288K, used 12064K [0x00000000d5580000, 0x00000000d6200000, 0x0000000100000000)
  eden space 11776K, 100% used [0x00000000d5580000,0x00000000d6100000,0x00000000d6100000)
  from space 512K, 56% used [0x00000000d6180000,0x00000000d61c8000,0x00000000d6200000)
  to   space 512K, 0% used [0x00000000d6100000,0x00000000d6100000,0x00000000d6180000)
 ParOldGen       total 731136K, used 731043K [0x0000000080000000, 0x00000000aca00000, 0x00000000d5580000)
  object space 731136K, 99% used [0x0000000080000000,0x00000000ac9e8cc0,0x00000000aca00000)
 Metaspace       used 114952K, committed 117056K, reserved 1179648K
  class space    used 11153K, committed 12224K, reserved 1048576K
}

